make[1]: Entering directory '/home/tyson/Orion/kernel/ubd'
===> Building dependencies
===> Generating include/tcb_layout.h
In file included from /home/tyson/Orion/kernel/src/glue/v4-x86/x64/space.h:39,
                 from /home/tyson/Orion/kernel/src/glue/v4-x86/space.h:16,
                 from /home/tyson/Orion/kernel/src/api/v4/space.h:37,
                 from /home/tyson/Orion/kernel/src/api/v4/tcb.h:42,
                 from /home/tyson/Orion/kernel/ubd/_1569795069_123.c:2:
/home/tyson/Orion/kernel/src/arch/x86/pgent.h:87:19: error: macro "ASSERT" requires 2 arguments, but only 1 given
      ASSERT(kernel); // cpu-local subtrees are _always_ kernel
                   ^
In file included from /home/tyson/Orion/kernel/src/glue/v4-x86/tcb.h:20,
                 from /home/tyson/Orion/kernel/src/api/v4/tcb.h:707,
                 from /home/tyson/Orion/kernel/ubd/_1569795069_123.c:2:
/home/tyson/Orion/kernel/src/api/v4/syscalls.h:76:59: error: macro "SYS_THREAD_CONTROL" passed 7 arguments, but takes just 5
       threadid_t recv_redirector_tid, word_t utcb_location);
                                                           ^
/home/tyson/Orion/kernel/src/api/v4/syscalls.h:90:40: error: macro "SYS_EXCHANGE_REGISTERS" requires 8 arguments, but only 7 given
    word_t uhandle, threadid_t pager_tid);
                                        ^
/home/tyson/Orion/kernel/src/api/v4/syscalls.h:125:23: error: macro "SYS_SPACE_CONTROL" requires 5 arguments, but only 4 given
      fpage_t utcb_area);
                       ^
In file included from /home/tyson/Orion/kernel/src/glue/v4-x86/x64/space.h:39,
                 from /home/tyson/Orion/kernel/src/glue/v4-x86/space.h:16,
                 from /home/tyson/Orion/kernel/src/api/v4/space.h:37,
                 from /home/tyson/Orion/kernel/src/api/v4/tcb.h:42,
                 from /home/tyson/Orion/kernel/ubd/_1569795069_123.c:2:
/home/tyson/Orion/kernel/src/arch/x86/pgent.h: In member function ‘void pgent_t::make_cpu_subtree(space_t*, pgent_t::pgsize_e, bool)’:
/home/tyson/Orion/kernel/src/arch/x86/pgent.h:87:6: error: ‘ASSERT’ was not declared in this scope
      ASSERT(kernel); // cpu-local subtrees are _always_ kernel
      ^~~~~~
In file included from /home/tyson/Orion/kernel/src/api/v4/tcb.h:51,
                 from /home/tyson/Orion/kernel/ubd/_1569795069_123.c:2:
/home/tyson/Orion/kernel/src/glue/v4-x86/utcb.h: At global scope:
/home/tyson/Orion/kernel/src/glue/v4-x86/utcb.h:49:16: error: ‘IPC_NUM_BR’ was not declared in this scope
     word_t  br[IPC_NUM_BR];  /* -196 .. -64 */
                ^~~~~~~~~~
/home/tyson/Orion/kernel/src/glue/v4-x86/utcb.h:64:16: error: ‘IPC_NUM_MR’ was not declared in this scope
     word_t  mr[IPC_NUM_MR];  /* 0 .. 252 */
                ^~~~~~~~~~
In file included from /home/tyson/Orion/kernel/ubd/_1569795069_123.c:2:
/home/tyson/Orion/kernel/src/api/v4/tcb.h: In member function ‘tcb_t* tcb_t::get_partner_tcb()’:
/home/tyson/Orion/kernel/src/api/v4/tcb.h:425:31: error: ‘class space_t’ has no member named ‘get_tcb’; did you mean ‘add_tcb’?
     return this->get_space()->get_tcb(partner);
                               ^~~~~~~
                               add_tcb
/home/tyson/Orion/kernel/src/api/v4/tcb.h: In member function ‘void tcb_t::clear_notify_bits()’:
/home/tyson/Orion/kernel/src/api/v4/tcb.h:570:14: error: ‘class utcb_t’ has no member named ‘notify_bits’
  get_utcb()->notify_bits = 0;
              ^~~~~~~~~~~
/home/tyson/Orion/kernel/src/api/v4/tcb.h: In member function ‘void tcb_t::add_notify_bits(word_t)’:
/home/tyson/Orion/kernel/src/api/v4/tcb.h:578:14: error: ‘class utcb_t’ has no member named ‘notify_bits’
  get_utcb()->notify_bits |= bits;
              ^~~~~~~~~~~
/home/tyson/Orion/kernel/src/api/v4/tcb.h: In member function ‘void tcb_t::sub_notify_bits(word_t)’:
/home/tyson/Orion/kernel/src/api/v4/tcb.h:586:14: error: ‘class utcb_t’ has no member named ‘notify_bits’
  get_utcb()->notify_bits &= ~(bits);
              ^~~~~~~~~~~
/home/tyson/Orion/kernel/src/api/v4/tcb.h: In member function ‘word_t tcb_t::get_notify_bits()’:
/home/tyson/Orion/kernel/src/api/v4/tcb.h:594:24: error: ‘class utcb_t’ has no member named ‘notify_bits’
     return get_utcb()->notify_bits;
                        ^~~~~~~~~~~
/home/tyson/Orion/kernel/src/api/v4/tcb.h: In member function ‘word_t tcb_t::get_notify_mask()’:
/home/tyson/Orion/kernel/src/api/v4/tcb.h:602:24: error: ‘class utcb_t’ has no member named ‘notify_mask’; did you mean ‘word_size_mask’?
     return get_utcb()->notify_mask;
                        ^~~~~~~~~~~
                        word_size_mask
/home/tyson/Orion/kernel/src/api/v4/tcb.h: In member function ‘void tcb_t::set_notify_mask(word_t)’:
/home/tyson/Orion/kernel/src/api/v4/tcb.h:611:17: error: ‘class utcb_t’ has no member named ‘notify_mask’; did you mean ‘word_size_mask’?
     get_utcb()->notify_mask = mask;
                 ^~~~~~~~~~~
                 word_size_mask
In file included from /home/tyson/Orion/kernel/src/glue/v4-x86/tcb.h:20,
                 from /home/tyson/Orion/kernel/src/api/v4/tcb.h:707,
                 from /home/tyson/Orion/kernel/ubd/_1569795069_123.c:2:
/home/tyson/Orion/kernel/src/api/v4/syscalls.h: At global scope:
/home/tyson/Orion/kernel/src/api/v4/syscalls.h:73:1: error: ‘SYS_THREAD_CONTROL’ does not name a type
 SYS_THREAD_CONTROL (threadid_t dest_tid, threadid_t space_tid,
 ^~~~~~~~~~~~~~~~~~
/home/tyson/Orion/kernel/src/api/v4/syscalls.h:88:1: error: ‘SYS_EXCHANGE_REGISTERS’ does not name a type
 SYS_EXCHANGE_REGISTERS (threadid_t dest_tid, word_t control,
 ^~~~~~~~~~~~~~~~~~~~~~
/home/tyson/Orion/kernel/src/api/v4/syscalls.h:124:1: error: ‘SYS_SPACE_CONTROL’ does not name a type
 SYS_SPACE_CONTROL (threadid_t space_tid, word_t control, fpage_t kip_area,
 ^~~~~~~~~~~~~~~~~
In file included from /home/tyson/Orion/kernel/src/glue/v4-x86/tcb.h:22,
                 from /home/tyson/Orion/kernel/src/api/v4/tcb.h:707,
                 from /home/tyson/Orion/kernel/ubd/_1569795069_123.c:2:
/home/tyson/Orion/kernel/src/glue/v4-x86/x64/tcb.h: In member function ‘void tcb_t::copy_mrs(tcb_t*, word_t, word_t)’:
/home/tyson/Orion/kernel/src/glue/v4-x86/x64/tcb.h:64:31: error: ‘class utcb_t’ has no member named ‘mr’
  "c"(count), "S"(&get_utcb()->mr[start]),
                               ^~
/home/tyson/Orion/kernel/src/glue/v4-x86/x64/tcb.h:65:25: error: ‘class utcb_t’ has no member named ‘mr’
  "D"(&dest->get_utcb()->mr[start]));
                         ^~
/home/tyson/Orion/kernel/src/glue/v4-x86/x64/tcb.h: At global scope:
/home/tyson/Orion/kernel/src/glue/v4-x86/x64/tcb.h:364:13: error: no declaration matches ‘void tcb_t::arch_init_root_server(space_t*, word_t, word_t)’
 INLINE void tcb_t::arch_init_root_server (space_t * space, word_t ip, word_t sp)
             ^~~~~
/home/tyson/Orion/kernel/src/glue/v4-x86/x64/tcb.h:364:13: note: no functions named ‘void tcb_t::arch_init_root_server(space_t*, word_t, word_t)’
In file included from /home/tyson/Orion/kernel/ubd/_1569795069_123.c:2:
/home/tyson/Orion/kernel/src/api/v4/tcb.h:60:7: note: ‘class tcb_t’ defined here
 class tcb_t
       ^~~~~
In file included from /home/tyson/Orion/kernel/src/api/v4/tcb.h:707,
                 from /home/tyson/Orion/kernel/ubd/_1569795069_123.c:2:
/home/tyson/Orion/kernel/src/glue/v4-x86/tcb.h: In member function ‘void tcb_t::set_utcb_location(word_t)’:
/home/tyson/Orion/kernel/src/glue/v4-x86/tcb.h:78:5: error: ‘myself_local’ was not declared in this scope
     myself_local.set_raw (utcb_location + ((word_t)&dummy->mr[0]));
     ^~~~~~~~~~~~
/home/tyson/Orion/kernel/src/glue/v4-x86/tcb.h:78:5: note: suggested alternative: ‘myself_global’
     myself_local.set_raw (utcb_location + ((word_t)&dummy->mr[0]));
     ^~~~~~~~~~~~
     myself_global
/home/tyson/Orion/kernel/src/glue/v4-x86/tcb.h:78:60: error: ‘class utcb_t’ has no member named ‘mr’
     myself_local.set_raw (utcb_location + ((word_t)&dummy->mr[0]));
                                                            ^~
/home/tyson/Orion/kernel/src/glue/v4-x86/tcb.h: In member function ‘word_t tcb_t::get_utcb_location()’:
/home/tyson/Orion/kernel/src/glue/v4-x86/tcb.h:84:12: error: ‘myself_local’ was not declared in this scope
     return myself_local.get_raw() - ((word_t)&dummy->mr[0]);
            ^~~~~~~~~~~~
/home/tyson/Orion/kernel/src/glue/v4-x86/tcb.h:84:12: note: suggested alternative: ‘myself_global’
     return myself_local.get_raw() - ((word_t)&dummy->mr[0]);
            ^~~~~~~~~~~~
            myself_global
/home/tyson/Orion/kernel/src/glue/v4-x86/tcb.h:84:54: error: ‘class utcb_t’ has no member named ‘mr’
     return myself_local.get_raw() - ((word_t)&dummy->mr[0]);
                                                      ^~
/home/tyson/Orion/kernel/src/glue/v4-x86/tcb.h: In member function ‘word_t tcb_t::get_mr(word_t)’:
/home/tyson/Orion/kernel/src/glue/v4-x86/tcb.h:95:24: error: ‘class utcb_t’ has no member named ‘mr’
     return get_utcb()->mr[index];
                        ^~
/home/tyson/Orion/kernel/src/glue/v4-x86/tcb.h: In member function ‘void tcb_t::set_mr(word_t, word_t)’:
/home/tyson/Orion/kernel/src/glue/v4-x86/tcb.h:106:17: error: ‘class utcb_t’ has no member named ‘mr’
     get_utcb()->mr[index] = value;
                 ^~
/home/tyson/Orion/kernel/src/glue/v4-x86/tcb.h: At global scope:
/home/tyson/Orion/kernel/src/glue/v4-x86/tcb.h:115:15: error: no declaration matches ‘word_t tcb_t::get_br(word_t)’
 INLINE word_t tcb_t::get_br(word_t index)
               ^~~~~
/home/tyson/Orion/kernel/src/glue/v4-x86/tcb.h:115:15: note: no functions named ‘word_t tcb_t::get_br(word_t)’
In file included from /home/tyson/Orion/kernel/ubd/_1569795069_123.c:2:
/home/tyson/Orion/kernel/src/api/v4/tcb.h:60:7: note: ‘class tcb_t’ defined here
 class tcb_t
       ^~~~~
In file included from /home/tyson/Orion/kernel/src/api/v4/tcb.h:707,
                 from /home/tyson/Orion/kernel/ubd/_1569795069_123.c:2:
/home/tyson/Orion/kernel/src/glue/v4-x86/tcb.h:126:13: error: no declaration matches ‘void tcb_t::set_br(word_t, word_t)’
 INLINE void tcb_t::set_br(word_t index, word_t value)
             ^~~~~
/home/tyson/Orion/kernel/src/glue/v4-x86/tcb.h:126:13: note: no functions named ‘void tcb_t::set_br(word_t, word_t)’
In file included from /home/tyson/Orion/kernel/ubd/_1569795069_123.c:2:
/home/tyson/Orion/kernel/src/api/v4/tcb.h:60:7: note: ‘class tcb_t’ defined here
 class tcb_t
       ^~~~~
In file included from /home/tyson/Orion/kernel/src/api/v4/tcb.h:707,
                 from /home/tyson/Orion/kernel/ubd/_1569795069_123.c:2:
/home/tyson/Orion/kernel/src/glue/v4-x86/tcb.h:209:13: error: no declaration matches ‘void tcb_t::adjust_for_copy_area(tcb_t*, void**, void**)’
 INLINE void tcb_t::adjust_for_copy_area (tcb_t * dst,
             ^~~~~
/home/tyson/Orion/kernel/src/glue/v4-x86/tcb.h:209:13: note: no functions named ‘void tcb_t::adjust_for_copy_area(tcb_t*, void**, void**)’
In file included from /home/tyson/Orion/kernel/ubd/_1569795069_123.c:2:
/home/tyson/Orion/kernel/src/api/v4/tcb.h:60:7: note: ‘class tcb_t’ defined here
 class tcb_t
       ^~~~~
In file included from /home/tyson/Orion/kernel/src/api/v4/tcb.h:707,
                 from /home/tyson/Orion/kernel/ubd/_1569795069_123.c:2:
/home/tyson/Orion/kernel/src/glue/v4-x86/tcb.h:219:13: error: no declaration matches ‘void tcb_t::release_copy_area()’
 INLINE void tcb_t::release_copy_area (void)
             ^~~~~
/home/tyson/Orion/kernel/src/glue/v4-x86/tcb.h:219:13: note: no functions named ‘void tcb_t::release_copy_area()’
In file included from /home/tyson/Orion/kernel/ubd/_1569795069_123.c:2:
/home/tyson/Orion/kernel/src/api/v4/tcb.h:60:7: note: ‘class tcb_t’ defined here
 class tcb_t
       ^~~~~
In file included from /home/tyson/Orion/kernel/ubd/_1569795069_123.c:2:
/home/tyson/Orion/kernel/src/api/v4/tcb.h: In member function ‘bool tcb_t::is_local_cpu()’:
/home/tyson/Orion/kernel/src/api/v4/tcb.h:739:13: error: ‘get_current_cpu’ was not declared in this scope
     return (get_current_cpu() == get_cpu());
             ^~~~~~~~~~~~~~~
/home/tyson/Orion/kernel/src/api/v4/tcb.h:739:13: note: suggested alternative: ‘get_current_tcb’
     return (get_current_cpu() == get_cpu());
             ^~~~~~~~~~~~~~~
             get_current_tcb
/home/tyson/Orion/kernel/ubd/_1569795069_123.c: In function ‘void make_offsets()’:
/home/tyson/Orion/kernel/ubd/_1569795069_123.c:55:51: error: ‘class tcb_t’ has no member named ‘sched_state’; did you mean ‘saved_state’?
    O(OFS_TCB_SCHED_STATE_SCHEDULER,offsetof(tcb_t,sched_state.scheduler));
                                                   ^~~~~~~~~~~
/home/tyson/Orion/kernel/ubd/_1569795069_123.c:12:84: note: in definition of macro ‘O’
 #define O(sym,value) __asm__ __volatile__ ("\n#define " MKSTR(sym) " %0 " : : "i" (value));
                                                                                    ^~~~~
/home/tyson/Orion/kernel/ubd/_1569795069_123.c:55:36: note: in expansion of macro ‘offsetof’
    O(OFS_TCB_SCHED_STATE_SCHEDULER,offsetof(tcb_t,sched_state.scheduler));
                                    ^~~~~~~~
/home/tyson/Orion/kernel/ubd/_1569795069_123.c:58:34: error: ‘class utcb_t’ has no member named ‘br’
    O(OFS_UTCB_BR,offsetof(utcb_t,br));
                                  ^~
/home/tyson/Orion/kernel/ubd/_1569795069_123.c:12:84: note: in definition of macro ‘O’
 #define O(sym,value) __asm__ __volatile__ ("\n#define " MKSTR(sym) " %0 " : : "i" (value));
                                                                                    ^~~~~
/home/tyson/Orion/kernel/ubd/_1569795069_123.c:58:18: note: in expansion of macro ‘offsetof’
    O(OFS_UTCB_BR,offsetof(utcb_t,br));
                  ^~~~~~~~
/home/tyson/Orion/kernel/ubd/_1569795069_123.c:73:34: error: ‘class utcb_t’ has no member named ‘mr’
    O(OFS_UTCB_MR,offsetof(utcb_t,mr));
                                  ^~
/home/tyson/Orion/kernel/ubd/_1569795069_123.c:12:84: note: in definition of macro ‘O’
 #define O(sym,value) __asm__ __volatile__ ("\n#define " MKSTR(sym) " %0 " : : "i" (value));
                                                                                    ^~~~~
/home/tyson/Orion/kernel/ubd/_1569795069_123.c:73:18: note: in expansion of macro ‘offsetof’
    O(OFS_UTCB_MR,offsetof(utcb_t,mr));
                  ^~~~~~~~
===> src/arch/x86/x64/init32.cc
cd src/arch/x86/x64/ &&  gcc  -nostdinc -I/home/tyson/Orion/kernel/ubd/include -I/home/tyson/Orion/kernel/src -I/home/tyson/Orion/kernel/src/generic -I/usr/lib/gcc/x86_64-linux-gnu/8/include/ -Ux64 -Ux86 -Up4 -Upc99 -Uv4 -Urr -D__SUBARCH__=x64 -D__ARCH__=x86 -D__CPU__=p4 -D__PLATFORM__=pc99 -D__API__=v4 -D__SCHED__=rr -imacros /home/tyson/Orion/kernel/ubd/config/config.h -imacros /home/tyson/Orion/kernel/src/generic/macros.h -include /home/tyson/Orion/kernel/src/generic/config.h  -include /home/tyson/Orion/kernel/src/generic/types.h -DX64_32BIT_CODE   -fno-rtti -fno-builtin  -fomit-frame-pointer -fno-exceptions -Wall -Wno-non-virtual-dtor -Wno-format -O2  -m32   -mno-red-zone -fno-pie  -fno-stack-protector -lssp  -mno-mmx -mno-sse -mno-sse2 -mno-sse3    -Wconversion -x c++ -c /home/tyson/Orion/kernel/src/arch/x86/x64/init32.cc -o init32.o
In file included from /home/tyson/Orion/kernel/src/arch/x86/x64/init32.cc:40:
/home/tyson/Orion/kernel/src/arch/x86/mmu.h: In static member function ‘static void x86_mmu_t::enable_long_mode()’:
/home/tyson/Orion/kernel/src/arch/x86/mmu.h:170:28: warning: conversion from ‘u64_t’ {aka ‘long long unsigned int’} to ‘word_t’ {aka ‘unsigned int’} may change value [-Wconversion]
     word_t efer = x86_rdmsr(X86_MSR_EFER);
                   ~~~~~~~~~^~~~~~~~~~~~~~
/home/tyson/Orion/kernel/src/arch/x86/mmu.h: In static member function ‘static bool x86_mmu_t::long_mode_active()’:
/home/tyson/Orion/kernel/src/arch/x86/mmu.h:182:28: warning: conversion from ‘u64_t’ {aka ‘long long unsigned int’} to ‘word_t’ {aka ‘unsigned int’} may change value [-Wconversion]
     word_t efer = x86_rdmsr(X86_MSR_EFER);
                   ~~~~~~~~~^~~~~~~~~~~~~~
In file included from /home/tyson/Orion/kernel/src/arch/x86/segdesc.h:20,
                 from /home/tyson/Orion/kernel/src/arch/x86/x64/init32.cc:41:
/home/tyson/Orion/kernel/src/arch/x86/x64/segdesc.h: In member function ‘void x86_segdesc_t::set_seg(u64_t, x86_segdesc_t::segtype_e, int, x86_segdesc_t::mode_e, x86_segdesc_t::msr_e)’:
/home/tyson/Orion/kernel/src/arch/x86/x64/segdesc.h:80:17: warning: conversion from ‘u64_t’ {aka ‘long long unsigned int’} to ‘unsigned char:4’ may change value [-Wconversion]
      x.d.type = type;
                 ^~~~
/home/tyson/Orion/kernel/src/arch/x86/x64/segdesc.h:81:17: warning: conversion from ‘u64_t’ {aka ‘long long unsigned int’} to ‘unsigned char:1’ may change value [-Wconversion]
      x.d.l    = mode;
                 ^~~~
/home/tyson/Orion/kernel/src/arch/x86/x64/segdesc.h:82:17: warning: conversion from ‘u64_t’ {aka ‘long long unsigned int’} to ‘unsigned char:2’ may change value [-Wconversion]
      x.d.dpl  = dpl;
                 ^~~
/home/tyson/Orion/kernel/src/arch/x86/x64/segdesc.h: In member function ‘void x86_segdesc_t::set_seg(u32_t, x86_segdesc_t::segtype_e, int, x86_segdesc_t::mode_e)’:
/home/tyson/Orion/kernel/src/arch/x86/x64/segdesc.h:99:36: warning: conversion from ‘u64_t’ {aka ‘long long unsigned int’} to ‘unsigned char’ may change value [-Wconversion]
      x.d.base_high  = (base >> 24) & 0xFF;
                       ~~~~~~~~~~~~~^~~~~~
/home/tyson/Orion/kernel/src/arch/x86/x64/segdesc.h:101:17: warning: conversion from ‘u64_t’ {aka ‘long long unsigned int’} to ‘unsigned char:4’ may change value [-Wconversion]
      x.d.type = type;
                 ^~~~
/home/tyson/Orion/kernel/src/arch/x86/x64/segdesc.h:102:17: warning: conversion from ‘u64_t’ {aka ‘long long unsigned int’} to ‘unsigned char:1’ may change value [-Wconversion]
      x.d.l    = mode;
                 ^~~~
/home/tyson/Orion/kernel/src/arch/x86/x64/segdesc.h:103:16: warning: conversion from ‘u64_t’ {aka ‘long long unsigned int’} to ‘unsigned char:2’ may change value [-Wconversion]
      x.d.dpl = dpl;
                ^~~
cd src/arch/x86/x64/ && objcopy -g -O elf64-x86-64  init32.o init32.o
===> src/arch/x86/x64/cpu.cc
cd src/arch/x86/x64/ &&  gcc  -nostdinc -I/home/tyson/Orion/kernel/ubd/include -I/home/tyson/Orion/kernel/src -I/home/tyson/Orion/kernel/src/generic -I/usr/lib/gcc/x86_64-linux-gnu/8/include/ -Ux64 -Ux86 -Up4 -Upc99 -Uv4 -Urr -D__SUBARCH__=x64 -D__ARCH__=x86 -D__CPU__=p4 -D__PLATFORM__=pc99 -D__API__=v4 -D__SCHED__=rr -imacros /home/tyson/Orion/kernel/ubd/config/config.h -imacros /home/tyson/Orion/kernel/src/generic/macros.h -include /home/tyson/Orion/kernel/src/generic/config.h  -include /home/tyson/Orion/kernel/src/generic/types.h -fno-rtti -fno-builtin  -fomit-frame-pointer -fno-exceptions -Wall -Wno-non-virtual-dtor -Wno-format -O2 -m64 -mcmodel=kernel -mno-red-zone -fno-pie  -fno-stack-protector -lssp  -mno-mmx -mno-sse -mno-sse2 -mno-sse3    -Wconversion  -c /home/tyson/Orion/kernel/src/arch/x86/x64/cpu.cc
/home/tyson/Orion/kernel/src/arch/x86/x64/cpu.cc: In constructor ‘x86_x64_cpu_features_t::x86_x64_cpu_features_t()’:
/home/tyson/Orion/kernel/src/arch/x86/x64/cpu.cc:66:25: warning: conversion from ‘u32_t’ {aka ‘unsigned int’} to ‘u8_t’ {aka ‘unsigned char’} may change value [-Wconversion]
  apic_id = ((ebx >> 24) & 0xFF);
            ~~~~~~~~~~~~~^~~~~~~
make[1]: *** No rule to make target '/home/tyson/Orion/kernel/ubd/include/tcb_layout.h', needed by 'tcb_layout.h'. Stop.
make[1]: Leaving directory '/home/tyson/Orion/kernel/ubd'
make: *** [Makefile:38: all] Error 2
